<?xml version="1.0" encoding="UTF-8"?>
<testng-results ignored="0" total="1" passed="1" failed="0" skipped="0">
  <reporter-output>
  </reporter-output>
  <suite started-at="2024-02-22T15:40:23 IST" name="Default suite" finished-at="2024-02-22T15:42:48 IST" duration-ms="144721">
    <groups>
    </groups>
    <test started-at="2024-02-22T15:40:23 IST" name="Default test" finished-at="2024-02-22T15:42:48 IST" duration-ms="144721">
      <class name="com.testcases.LoginTest">
        <test-method is-config="true" signature="bm()[pri:0, instance:com.testcases.LoginTest@6ae5aa72]" started-at="2024-02-22T15:40:23 IST" name="bm" finished-at="2024-02-22T15:42:17 IST" duration-ms="114047" status="PASS">
          <reporter-output>
          </reporter-output>
        </test-method> <!-- bm -->
        <test-method signature="le()[pri:0, instance:com.testcases.LoginTest@6ae5aa72]" started-at="2024-02-22T15:42:17 IST" name="le" finished-at="2024-02-22T15:42:48 IST" duration-ms="30626" status="PASS">
          <reporter-output>
          </reporter-output>
        </test-method> <!-- le -->
      </class> <!-- com.testcases.LoginTest -->
    </test> <!-- Default test -->
  </suite> <!-- Default suite -->
</testng-results>
